<?xml version="1.0" encoding="UTF-8"?>
<!-- Generated by org.testng.reporters.JUnitXMLReporter -->
<testsuite hostname="ShaliniSingh-ThinkPad-E460" ignored="2" name="Bulk Order query with Business User" tests="2" failures="0" timestamp="17 May 2018 10:20:37 GMT" time="51.091" errors="0">
  <testcase name="navigateToRFQPagewithBusinessUser" time="12.874" classname="online.testcases.com.RFQProcess"/>
  <testcase name="bulkOrderQuerywithBusinessUser" time="37.579" classname="online.testcases.com.RFQProcess"/>
  <testcase name="navigateToRFQPage" time="0.0" classname="online.testcases.com.RFQProcess">
    <ignored/>
  </testcase> <!-- navigateToRFQPage -->
  <testcase name="bulkOrderQuerywithOnlineUser" time="0.0" classname="online.testcases.com.RFQProcess">
    <ignored/>
  </testcase> <!-- bulkOrderQuerywithOnlineUser -->
</testsuite> <!-- Bulk Order query with Business User -->
