<?xml version="1.0" encoding="UTF-8"?>
<!-- Generated by org.testng.reporters.JUnitXMLReporter -->
<testsuite hostname="ShaliniSingh-ThinkPad-E460" ignored="0" name="Signup process for Business Account user" tests="4" failures="0" timestamp="21 May 2018 11:45:01 GMT" time="67.638" errors="0">
  <testcase name="navigateOnSignupPage" time="0.616" classname="online.testcases.com.BusinessAccount"/>
  <testcase name="navigateToCreateBusinessAccountPage" time="25.562" classname="online.testcases.com.BusinessAccount"/>
  <testcase name="verifyMandatoryfieldBusinessAccountPage" time="12.276" classname="online.testcases.com.BusinessAccount"/>
  <testcase name="signUpwithBusinessAccountInMoglixApp" time="29.158" classname="online.testcases.com.BusinessAccount"/>
</testsuite> <!-- Signup process for Business Account user -->
