<?xml version="1.0" encoding="UTF-8"?>
<!-- Generated by org.testng.reporters.JUnitXMLReporter -->
<testsuite hostname="ShaliniSingh-ThinkPad-E460" ignored="0" name="Signup process for personal Account" tests="3" failures="0" timestamp="15 May 2018 10:35:44 GMT" time="20.508" errors="0">
  <testcase name="navigateOnSignupPage" time="6.714" classname="online.testcases.com.Personaluseraccount"/>
  <testcase name="verifySingupMandatoryFields" time="3.162" classname="online.testcases.com.Personaluseraccount"/>
  <testcase name="signupWithPersonalAccountInMoglixApp" time="10.382" classname="online.testcases.com.Personaluseraccount"/>
</testsuite> <!-- Signup process for personal Account -->
