<?xml version="1.0" encoding="UTF-8"?>
<!-- Generated by org.testng.reporters.JUnitXMLReporter -->
<testsuite hostname="ShaliniSingh-ThinkPad-E460" ignored="0" name="Signup process for personal Account" tests="3" failures="0" timestamp="27 Apr 2018 09:04:32 GMT" time="2.412" errors="0">
  <testcase name="navigateOnSignupPage" time="0.823" classname="online.testcases.com.LoginModule"/>
  <testcase name="verifySingupMandatoryFields" time="0.18" classname="online.testcases.com.LoginModule"/>
  <testcase name="signupWithPersonalAccountInMoglixApp" time="1.165" classname="online.testcases.com.LoginModule"/>
</testsuite> <!-- Signup process for personal Account -->
