<?xml version="1.0" encoding="UTF-8"?>
<!-- Generated by org.testng.reporters.JUnitXMLReporter -->
<testsuite hostname="ShaliniSingh-ThinkPad-E460" ignored="4" name="Category wise Product order" tests="5" failures="0" timestamp="18 May 2018 11:09:35 GMT" time="102.391" errors="0">
  <testcase name="validLogin" time="7.562" classname="online.testcases.com.PlacedOrderd"/>
  <testcase name="OrderCategoryProduct" time="44.508" classname="online.testcases.com.PlacedOrderd"/>
  <testcase name="AddProductIntoCart" time="15.615" classname="online.testcases.com.PlacedOrderd"/>
  <testcase name="addShippingAddress" time="21.748" classname="online.testcases.com.PlacedOrderd"/>
  <testcase name="proceedOrdertoPayment" time="12.732" classname="online.testcases.com.PlacedOrderd"/>
  <testcase name="addBiillingAddress" time="0.0" classname="online.testcases.com.PlacedOrderd">
    <ignored/>
  </testcase> <!-- addBiillingAddress -->
  <testcase name="LoginwithBussinessUser" time="0.0" classname="online.testcases.com.PlacedOrderd">
    <ignored/>
  </testcase> <!-- LoginwithBussinessUser -->
  <testcase name="loginWithBusinessUser" time="0.0" classname="online.testcases.com.PlacedOrderd">
    <ignored/>
  </testcase> <!-- loginWithBusinessUser -->
  <testcase name="SelectProduct" time="0.0" classname="online.testcases.com.PlacedOrderd">
    <ignored/>
  </testcase> <!-- SelectProduct -->
</testsuite> <!-- Category wise Product order -->
