<?xml version="1.0" encoding="UTF-8"?>
<!-- Generated by org.testng.reporters.JUnitXMLReporter -->
<testsuite hostname="ShaliniSingh-ThinkPad-E460" ignored="3" name="Default test" tests="1" failures="0" timestamp="18 May 2018 13:11:51 GMT" time="11.202" errors="0">
  <testcase name="navigateToRFQPage" time="10.987" classname="online.testcases.com.RFQProcess"/>
  <testcase name="bulkOrderQuerywithBusinessUser" time="0.0" classname="online.testcases.com.RFQProcess">
    <ignored/>
  </testcase> <!-- bulkOrderQuerywithBusinessUser -->
  <testcase name="navigateToRFQPagewithBusinessUser" time="0.0" classname="online.testcases.com.RFQProcess">
    <ignored/>
  </testcase> <!-- navigateToRFQPagewithBusinessUser -->
  <testcase name="bulkOrderQuerywithOnlineUser" time="0.0" classname="online.testcases.com.RFQProcess">
    <ignored/>
  </testcase> <!-- bulkOrderQuerywithOnlineUser -->
</testsuite> <!-- Default test -->
