<?xml version="1.0" encoding="UTF-8"?>
<!-- Generated by org.testng.reporters.JUnitXMLReporter -->
<testsuite hostname="ShaliniSingh-ThinkPad-E460" ignored="1" name="Signup process for Business Account user" tests="4" failures="0" timestamp="27 Apr 2018 09:07:59 GMT" time="14.045" errors="0">
  <testcase name="navigateOnSignupPage" time="0.819" classname="online.testcases.com.BusinessAccount"/>
  <testcase name="navigateToCreateBusinessAccountPage" time="1.238" classname="online.testcases.com.BusinessAccount"/>
  <testcase name="verifyMandatoryfieldBusinessAccountPage" time="3.393" classname="online.testcases.com.BusinessAccount"/>
  <testcase name="signUpwithBusinessAccountInMoglixApp" time="8.306" classname="online.testcases.com.BusinessAccount"/>
  <testcase name="validLogin" time="0.0" classname="online.testcases.com.BusinessAccount">
    <ignored/>
  </testcase> <!-- validLogin -->
</testsuite> <!-- Signup process for Business Account user -->
