<?xml version="1.0" encoding="UTF-8"?>
<!-- Generated by org.testng.reporters.JUnitXMLReporter -->
<testsuite hostname="ShaliniSingh-ThinkPad-E460" ignored="2" name="Bulk Order Query with Online user" tests="2" failures="0" timestamp="21 May 2018 11:53:12 GMT" time="38.859" errors="0">
  <testcase name="navigateToRFQPage" time="11.082" classname="online.testcases.com.RFQProcess"/>
  <testcase name="bulkOrderQuerywithOnlineUser" time="27.765" classname="online.testcases.com.RFQProcess"/>
  <testcase name="bulkOrderQuerywithBusinessUser" time="0.0" classname="online.testcases.com.RFQProcess">
    <ignored/>
  </testcase> <!-- bulkOrderQuerywithBusinessUser -->
  <testcase name="navigateToRFQPagewithBusinessUser" time="0.0" classname="online.testcases.com.RFQProcess">
    <ignored/>
  </testcase> <!-- navigateToRFQPagewithBusinessUser -->
</testsuite> <!-- Bulk Order Query with Online user -->
