<?xml version="1.0" encoding="UTF-8"?>
<!-- Generated by org.testng.reporters.JUnitXMLReporter -->
<testsuite hostname="ShaliniSingh-ThinkPad-E460" ignored="7" name="Login into the application and Select product" tests="2" failures="0" timestamp="17 May 2018 13:09:02 GMT" time="21.711" errors="0">
  <testcase name="validLogin" time="8.885" classname="online.testcases.com.PlacedOrderd"/>
  <testcase name="SelectProduct" time="12.238" classname="online.testcases.com.PlacedOrderd"/>
  <testcase name="AddProductIntoCart" time="0.0" classname="online.testcases.com.PlacedOrderd">
    <ignored/>
  </testcase> <!-- AddProductIntoCart -->
  <testcase name="addBiillingAddress" time="0.0" classname="online.testcases.com.PlacedOrderd">
    <ignored/>
  </testcase> <!-- addBiillingAddress -->
  <testcase name="LoginwithBussinessUser" time="0.0" classname="online.testcases.com.PlacedOrderd">
    <ignored/>
  </testcase> <!-- LoginwithBussinessUser -->
  <testcase name="OrderCategoryProduct" time="0.0" classname="online.testcases.com.PlacedOrderd">
    <ignored/>
  </testcase> <!-- OrderCategoryProduct -->
  <testcase name="addShippingAddress" time="0.0" classname="online.testcases.com.PlacedOrderd">
    <ignored/>
  </testcase> <!-- addShippingAddress -->
  <testcase name="loginWithBusinessUser" time="0.0" classname="online.testcases.com.PlacedOrderd">
    <ignored/>
  </testcase> <!-- loginWithBusinessUser -->
  <testcase name="proceedOrdertoPayment" time="0.0" classname="online.testcases.com.PlacedOrderd">
    <ignored/>
  </testcase> <!-- proceedOrdertoPayment -->
</testsuite> <!-- Login into the application and Select product -->
