<?xml version="1.0" encoding="UTF-8"?>
<!-- Generated by org.testng.reporters.JUnitXMLReporter -->
<testsuite hostname="ShaliniSingh-ThinkPad-E460" ignored="0" name="Request for Quotation" tests="2" failures="0" timestamp="17 May 2018 13:09:41 GMT" time="38.49" errors="0">
  <testcase name="NavigatedToRFQPage" time="22.425" classname="online.testcases.com.RequestQuoteProcess"/>
  <testcase name="ApplyBulkOrderRequestForm" time="15.89" classname="online.testcases.com.RequestQuoteProcess"/>
</testsuite> <!-- Request for Quotation -->
