<?xml version="1.0" encoding="UTF-8"?>
<!-- Generated by org.testng.reporters.JUnitXMLReporter -->
<testsuite hostname="ShaliniSingh-ThinkPad-E460" ignored="1" name="Signup process for personal Account" tests="3" failures="0" timestamp="21 May 2018 11:41:26 GMT" time="20.292" errors="0">
  <testcase name="navigateOnSignupPage" time="6.712" classname="online.testcases.com.Personaluseraccount"/>
  <testcase name="verifySingupMandatoryFields" time="3.156" classname="online.testcases.com.Personaluseraccount"/>
  <testcase name="signupWithPersonalAccountInMoglixApp" time="10.201" classname="online.testcases.com.Personaluseraccount"/>
  <testcase name="LogoutfromApplication" time="0.0" classname="online.testcases.com.Personaluseraccount">
    <ignored/>
  </testcase> <!-- LogoutfromApplication -->
</testsuite> <!-- Signup process for personal Account -->
