<?xml version="1.0" encoding="UTF-8"?>
<!-- Generated by org.testng.reporters.JUnitXMLReporter -->
<testsuite hostname="ShaliniSingh-ThinkPad-E460" ignored="0" name="Request for Quotation" tests="2" failures="0" timestamp="21 May 2018 11:52:04 GMT" time="38.126" errors="0">
  <testcase name="NavigatedToRFQPage" time="22.416" classname="online.testcases.com.RequestQuoteProcess"/>
  <testcase name="ApplyBulkOrderRequestForm" time="15.701" classname="online.testcases.com.RequestQuoteProcess"/>
</testsuite> <!-- Request for Quotation -->
